/home/maiage/mmeignin/.local/lib/python3.9/site-packages/numpy/core/getlimits.py:500: UserWarning: The value of the smallest subnormal for <class 'numpy.float32'> type is zero.
  setattr(self, word, getattr(machar, word).flat[0])
/home/maiage/mmeignin/.local/lib/python3.9/site-packages/numpy/core/getlimits.py:89: UserWarning: The value of the smallest subnormal for <class 'numpy.float32'> type is zero.
  return self._float_to_str(self.smallest_subnormal)
/home/maiage/mmeignin/.local/lib/python3.9/site-packages/numpy/core/getlimits.py:500: UserWarning: The value of the smallest subnormal for <class 'numpy.float64'> type is zero.
  setattr(self, word, getattr(machar, word).flat[0])
/home/maiage/mmeignin/.local/lib/python3.9/site-packages/numpy/core/getlimits.py:89: UserWarning: The value of the smallest subnormal for <class 'numpy.float64'> type is zero.
  return self._float_to_str(self.smallest_subnormal)
/home/maiage/mmeignin/.local/lib/python3.9/site-packages/torchvision/models/_utils.py:208: UserWarning: The parameter 'pretrained' is deprecated since 0.13 and will be removed in 0.15, please use 'weights' instead.
  warnings.warn(
/home/maiage/mmeignin/.local/lib/python3.9/site-packages/torchvision/models/_utils.py:223: UserWarning: Arguments other than a weight enum or `None` for 'weights' are deprecated since 0.13 and will be removed in 0.15. The current behavior is equivalent to passing `weights=ResNet18_Weights.IMAGENET1K_V1`. You can also use `weights=ResNet18_Weights.DEFAULT` to get the most up-to-date weights.
  warnings.warn(msg)
wandb: Currently logged in as: mmeignin. Use `wandb login --relogin` to force relogin
wandb: wandb version 0.13.2 is available!  To upgrade, please run:
wandb:  $ pip install wandb --upgrade
wandb: Tracking run with wandb version 0.13.1
wandb: Run data is saved locally in /home/maiage/mmeignin/mmeignin/Distance/DistanceTriplet/wandb/run-20220823_135956-3aazfjv1
wandb: Run `wandb offline` to turn off syncing.
wandb: Syncing run sunny-shadow-1
wandb: ⭐️ View project at https://wandb.ai/mmeignin/DistanceTriplet
wandb: 🚀 View run at https://wandb.ai/mmeignin/DistanceTriplet/runs/3aazfjv1
Using pretraining : True
/home/maiage/mmeignin/mmeignin/Distance/DistanceTriplet/triplet_train.py:60: UserWarning: Boolean Series key will be reindexed to match DataFrame index.
  positive_list = self.df[self.df['Class']==anchor_label][self.df['VideoIdx']!=iitem]
/home/maiage/mmeignin/mmeignin/Distance/DistanceTriplet/triplet_train.py:60: UserWarning: Boolean Series key will be reindexed to match DataFrame index.
  positive_list = self.df[self.df['Class']==anchor_label][self.df['VideoIdx']!=iitem]
/home/maiage/mmeignin/mmeignin/Distance/DistanceTriplet/triplet_train.py:60: UserWarning: Boolean Series key will be reindexed to match DataFrame index.
  positive_list = self.df[self.df['Class']==anchor_label][self.df['VideoIdx']!=iitem]
/home/maiage/mmeignin/mmeignin/Distance/DistanceTriplet/triplet_train.py:65: UserWarning: Boolean Series key will be reindexed to match DataFrame index.
  negative_list = self.df[self.df['Class']!=anchor_label][self.df['VideoIdx']!=iitem]
/home/maiage/mmeignin/mmeignin/Distance/DistanceTriplet/triplet_train.py:65: UserWarning: Boolean Series key will be reindexed to match DataFrame index.
  negative_list = self.df[self.df['Class']!=anchor_label][self.df['VideoIdx']!=iitem]
/home/maiage/mmeignin/mmeignin/Distance/DistanceTriplet/triplet_train.py:65: UserWarning: Boolean Series key will be reindexed to match DataFrame index.
  negative_list = self.df[self.df['Class']!=anchor_label][self.df['VideoIdx']!=iitem]
/home/maiage/mmeignin/mmeignin/Distance/DistanceTriplet/triplet_train.py:60: UserWarning: Boolean Series key will be reindexed to match DataFrame index.
  positive_list = self.df[self.df['Class']==anchor_label][self.df['VideoIdx']!=iitem]
/home/maiage/mmeignin/mmeignin/Distance/DistanceTriplet/triplet_train.py:65: UserWarning: Boolean Series key will be reindexed to match DataFrame index.
  negative_list = self.df[self.df['Class']!=anchor_label][self.df['VideoIdx']!=iitem]
Epoch: 1/50 - Loss: 1.1120
/home/maiage/mmeignin/mmeignin/Distance/DistanceTriplet/triplet_train.py:60: UserWarning: Boolean Series key will be reindexed to match DataFrame index.
  positive_list = self.df[self.df['Class']==anchor_label][self.df['VideoIdx']!=iitem]
/home/maiage/mmeignin/mmeignin/Distance/DistanceTriplet/triplet_train.py:60: UserWarning: Boolean Series key will be reindexed to match DataFrame index.
  positive_list = self.df[self.df['Class']==anchor_label][self.df['VideoIdx']!=iitem]
/home/maiage/mmeignin/mmeignin/Distance/DistanceTriplet/triplet_train.py:60: UserWarning: Boolean Series key will be reindexed to match DataFrame index.
  positive_list = self.df[self.df['Class']==anchor_label][self.df['VideoIdx']!=iitem]
/home/maiage/mmeignin/mmeignin/Distance/DistanceTriplet/triplet_train.py:60: UserWarning: Boolean Series key will be reindexed to match DataFrame index.
  positive_list = self.df[self.df['Class']==anchor_label][self.df['VideoIdx']!=iitem]
/home/maiage/mmeignin/mmeignin/Distance/DistanceTriplet/triplet_train.py:65: UserWarning: Boolean Series key will be reindexed to match DataFrame index.
  negative_list = self.df[self.df['Class']!=anchor_label][self.df['VideoIdx']!=iitem]
/home/maiage/mmeignin/mmeignin/Distance/DistanceTriplet/triplet_train.py:65: UserWarning: Boolean Series key will be reindexed to match DataFrame index.
  negative_list = self.df[self.df['Class']!=anchor_label][self.df['VideoIdx']!=iitem]
/home/maiage/mmeignin/mmeignin/Distance/DistanceTriplet/triplet_train.py:65: UserWarning: Boolean Series key will be reindexed to match DataFrame index.
  negative_list = self.df[self.df['Class']!=anchor_label][self.df['VideoIdx']!=iitem]
/home/maiage/mmeignin/mmeignin/Distance/DistanceTriplet/triplet_train.py:65: UserWarning: Boolean Series key will be reindexed to match DataFrame index.
  negative_list = self.df[self.df['Class']!=anchor_label][self.df['VideoIdx']!=iitem]
Epoch: 2/50 - Loss: 1.0004
/home/maiage/mmeignin/mmeignin/Distance/DistanceTriplet/triplet_train.py:60: UserWarning: Boolean Series key will be reindexed to match DataFrame index.
  positive_list = self.df[self.df['Class']==anchor_label][self.df['VideoIdx']!=iitem]
/home/maiage/mmeignin/mmeignin/Distance/DistanceTriplet/triplet_train.py:60: UserWarning: Boolean Series key will be reindexed to match DataFrame index.
  positive_list = self.df[self.df['Class']==anchor_label][self.df['VideoIdx']!=iitem]
/home/maiage/mmeignin/mmeignin/Distance/DistanceTriplet/triplet_train.py:60: UserWarning: Boolean Series key will be reindexed to match DataFrame index.
  positive_list = self.df[self.df['Class']==anchor_label][self.df['VideoIdx']!=iitem]
/home/maiage/mmeignin/mmeignin/Distance/DistanceTriplet/triplet_train.py:65: UserWarning: Boolean Series key will be reindexed to match DataFrame index.
  negative_list = self.df[self.df['Class']!=anchor_label][self.df['VideoIdx']!=iitem]
/home/maiage/mmeignin/mmeignin/Distance/DistanceTriplet/triplet_train.py:65: UserWarning: Boolean Series key will be reindexed to match DataFrame index.
  negative_list = self.df[self.df['Class']!=anchor_label][self.df['VideoIdx']!=iitem]
/home/maiage/mmeignin/mmeignin/Distance/DistanceTriplet/triplet_train.py:65: UserWarning: Boolean Series key will be reindexed to match DataFrame index.
  negative_list = self.df[self.df['Class']!=anchor_label][self.df['VideoIdx']!=iitem]
/home/maiage/mmeignin/mmeignin/Distance/DistanceTriplet/triplet_train.py:60: UserWarning: Boolean Series key will be reindexed to match DataFrame index.
  positive_list = self.df[self.df['Class']==anchor_label][self.df['VideoIdx']!=iitem]
/home/maiage/mmeignin/mmeignin/Distance/DistanceTriplet/triplet_train.py:65: UserWarning: Boolean Series key will be reindexed to match DataFrame index.
  negative_list = self.df[self.df['Class']!=anchor_label][self.df['VideoIdx']!=iitem]
Epoch: 3/50 - Loss: 0.9999
/home/maiage/mmeignin/mmeignin/Distance/DistanceTriplet/triplet_train.py:60: UserWarning: Boolean Series key will be reindexed to match DataFrame index.
  positive_list = self.df[self.df['Class']==anchor_label][self.df['VideoIdx']!=iitem]
/home/maiage/mmeignin/mmeignin/Distance/DistanceTriplet/triplet_train.py:60: UserWarning: Boolean Series key will be reindexed to match DataFrame index.
  positive_list = self.df[self.df['Class']==anchor_label][self.df['VideoIdx']!=iitem]
/home/maiage/mmeignin/mmeignin/Distance/DistanceTriplet/triplet_train.py:60: UserWarning: Boolean Series key will be reindexed to match DataFrame index.
  positive_list = self.df[self.df['Class']==anchor_label][self.df['VideoIdx']!=iitem]
/home/maiage/mmeignin/mmeignin/Distance/DistanceTriplet/triplet_train.py:65: UserWarning: Boolean Series key will be reindexed to match DataFrame index.
  negative_list = self.df[self.df['Class']!=anchor_label][self.df['VideoIdx']!=iitem]
/home/maiage/mmeignin/mmeignin/Distance/DistanceTriplet/triplet_train.py:65: UserWarning: Boolean Series key will be reindexed to match DataFrame index.
  negative_list = self.df[self.df['Class']!=anchor_label][self.df['VideoIdx']!=iitem]
/home/maiage/mmeignin/mmeignin/Distance/DistanceTriplet/triplet_train.py:60: UserWarning: Boolean Series key will be reindexed to match DataFrame index.
  positive_list = self.df[self.df['Class']==anchor_label][self.df['VideoIdx']!=iitem]
/home/maiage/mmeignin/mmeignin/Distance/DistanceTriplet/triplet_train.py:65: UserWarning: Boolean Series key will be reindexed to match DataFrame index.
  negative_list = self.df[self.df['Class']!=anchor_label][self.df['VideoIdx']!=iitem]
/home/maiage/mmeignin/mmeignin/Distance/DistanceTriplet/triplet_train.py:65: UserWarning: Boolean Series key will be reindexed to match DataFrame index.
  negative_list = self.df[self.df['Class']!=anchor_label][self.df['VideoIdx']!=iitem]
Epoch: 4/50 - Loss: 1.0000
/home/maiage/mmeignin/mmeignin/Distance/DistanceTriplet/triplet_train.py:60: UserWarning: Boolean Series key will be reindexed to match DataFrame index.
  positive_list = self.df[self.df['Class']==anchor_label][self.df['VideoIdx']!=iitem]
/home/maiage/mmeignin/mmeignin/Distance/DistanceTriplet/triplet_train.py:60: UserWarning: Boolean Series key will be reindexed to match DataFrame index.
  positive_list = self.df[self.df['Class']==anchor_label][self.df['VideoIdx']!=iitem]
/home/maiage/mmeignin/mmeignin/Distance/DistanceTriplet/triplet_train.py:60: UserWarning: Boolean Series key will be reindexed to match DataFrame index.
  positive_list = self.df[self.df['Class']==anchor_label][self.df['VideoIdx']!=iitem]
/home/maiage/mmeignin/mmeignin/Distance/DistanceTriplet/triplet_train.py:65: UserWarning: Boolean Series key will be reindexed to match DataFrame index.
  negative_list = self.df[self.df['Class']!=anchor_label][self.df['VideoIdx']!=iitem]
/home/maiage/mmeignin/mmeignin/Distance/DistanceTriplet/triplet_train.py:65: UserWarning: Boolean Series key will be reindexed to match DataFrame index.
  negative_list = self.df[self.df['Class']!=anchor_label][self.df['VideoIdx']!=iitem]
/home/maiage/mmeignin/mmeignin/Distance/DistanceTriplet/triplet_train.py:60: UserWarning: Boolean Series key will be reindexed to match DataFrame index.
  positive_list = self.df[self.df['Class']==anchor_label][self.df['VideoIdx']!=iitem]
/home/maiage/mmeignin/mmeignin/Distance/DistanceTriplet/triplet_train.py:65: UserWarning: Boolean Series key will be reindexed to match DataFrame index.
  negative_list = self.df[self.df['Class']!=anchor_label][self.df['VideoIdx']!=iitem]
/home/maiage/mmeignin/mmeignin/Distance/DistanceTriplet/triplet_train.py:65: UserWarning: Boolean Series key will be reindexed to match DataFrame index.
  negative_list = self.df[self.df['Class']!=anchor_label][self.df['VideoIdx']!=iitem]
Epoch: 5/50 - Loss: 1.0000
/home/maiage/mmeignin/mmeignin/Distance/DistanceTriplet/triplet_train.py:60: UserWarning: Boolean Series key will be reindexed to match DataFrame index.
  positive_list = self.df[self.df['Class']==anchor_label][self.df['VideoIdx']!=iitem]
/home/maiage/mmeignin/mmeignin/Distance/DistanceTriplet/triplet_train.py:60: UserWarning: Boolean Series key will be reindexed to match DataFrame index.
  positive_list = self.df[self.df['Class']==anchor_label][self.df['VideoIdx']!=iitem]
/home/maiage/mmeignin/mmeignin/Distance/DistanceTriplet/triplet_train.py:60: UserWarning: Boolean Series key will be reindexed to match DataFrame index.
  positive_list = self.df[self.df['Class']==anchor_label][self.df['VideoIdx']!=iitem]
/home/maiage/mmeignin/mmeignin/Distance/DistanceTriplet/triplet_train.py:60: UserWarning: Boolean Series key will be reindexed to match DataFrame index.
  positive_list = self.df[self.df['Class']==anchor_label][self.df['VideoIdx']!=iitem]
/home/maiage/mmeignin/mmeignin/Distance/DistanceTriplet/triplet_train.py:65: UserWarning: Boolean Series key will be reindexed to match DataFrame index.
  negative_list = self.df[self.df['Class']!=anchor_label][self.df['VideoIdx']!=iitem]
/home/maiage/mmeignin/mmeignin/Distance/DistanceTriplet/triplet_train.py:65: UserWarning: Boolean Series key will be reindexed to match DataFrame index.
  negative_list = self.df[self.df['Class']!=anchor_label][self.df['VideoIdx']!=iitem]
/home/maiage/mmeignin/mmeignin/Distance/DistanceTriplet/triplet_train.py:65: UserWarning: Boolean Series key will be reindexed to match DataFrame index.
  negative_list = self.df[self.df['Class']!=anchor_label][self.df['VideoIdx']!=iitem]
/home/maiage/mmeignin/mmeignin/Distance/DistanceTriplet/triplet_train.py:65: UserWarning: Boolean Series key will be reindexed to match DataFrame index.
  negative_list = self.df[self.df['Class']!=anchor_label][self.df['VideoIdx']!=iitem]
Epoch: 6/50 - Loss: 1.0000
/home/maiage/mmeignin/mmeignin/Distance/DistanceTriplet/triplet_train.py:60: UserWarning: Boolean Series key will be reindexed to match DataFrame index.
  positive_list = self.df[self.df['Class']==anchor_label][self.df['VideoIdx']!=iitem]
/home/maiage/mmeignin/mmeignin/Distance/DistanceTriplet/triplet_train.py:60: UserWarning: Boolean Series key will be reindexed to match DataFrame index.
  positive_list = self.df[self.df['Class']==anchor_label][self.df['VideoIdx']!=iitem]
/home/maiage/mmeignin/mmeignin/Distance/DistanceTriplet/triplet_train.py:60: UserWarning: Boolean Series key will be reindexed to match DataFrame index.
  positive_list = self.df[self.df['Class']==anchor_label][self.df['VideoIdx']!=iitem]
/home/maiage/mmeignin/mmeignin/Distance/DistanceTriplet/triplet_train.py:60: UserWarning: Boolean Series key will be reindexed to match DataFrame index.
  positive_list = self.df[self.df['Class']==anchor_label][self.df['VideoIdx']!=iitem]
/home/maiage/mmeignin/mmeignin/Distance/DistanceTriplet/triplet_train.py:65: UserWarning: Boolean Series key will be reindexed to match DataFrame index.
  negative_list = self.df[self.df['Class']!=anchor_label][self.df['VideoIdx']!=iitem]
/home/maiage/mmeignin/mmeignin/Distance/DistanceTriplet/triplet_train.py:65: UserWarning: Boolean Series key will be reindexed to match DataFrame index.
  negative_list = self.df[self.df['Class']!=anchor_label][self.df['VideoIdx']!=iitem]
/home/maiage/mmeignin/mmeignin/Distance/DistanceTriplet/triplet_train.py:65: UserWarning: Boolean Series key will be reindexed to match DataFrame index.
  negative_list = self.df[self.df['Class']!=anchor_label][self.df['VideoIdx']!=iitem]
/home/maiage/mmeignin/mmeignin/Distance/DistanceTriplet/triplet_train.py:65: UserWarning: Boolean Series key will be reindexed to match DataFrame index.
  negative_list = self.df[self.df['Class']!=anchor_label][self.df['VideoIdx']!=iitem]
Epoch: 7/50 - Loss: 1.0000
/home/maiage/mmeignin/mmeignin/Distance/DistanceTriplet/triplet_train.py:60: UserWarning: Boolean Series key will be reindexed to match DataFrame index.
  positive_list = self.df[self.df['Class']==anchor_label][self.df['VideoIdx']!=iitem]
/home/maiage/mmeignin/mmeignin/Distance/DistanceTriplet/triplet_train.py:60: UserWarning: Boolean Series key will be reindexed to match DataFrame index.
  positive_list = self.df[self.df['Class']==anchor_label][self.df['VideoIdx']!=iitem]
/home/maiage/mmeignin/mmeignin/Distance/DistanceTriplet/triplet_train.py:60: UserWarning: Boolean Series key will be reindexed to match DataFrame index.
  positive_list = self.df[self.df['Class']==anchor_label][self.df['VideoIdx']!=iitem]
/home/maiage/mmeignin/mmeignin/Distance/DistanceTriplet/triplet_train.py:60: UserWarning: Boolean Series key will be reindexed to match DataFrame index.
  positive_list = self.df[self.df['Class']==anchor_label][self.df['VideoIdx']!=iitem]
/home/maiage/mmeignin/mmeignin/Distance/DistanceTriplet/triplet_train.py:65: UserWarning: Boolean Series key will be reindexed to match DataFrame index.
  negative_list = self.df[self.df['Class']!=anchor_label][self.df['VideoIdx']!=iitem]
/home/maiage/mmeignin/mmeignin/Distance/DistanceTriplet/triplet_train.py:65: UserWarning: Boolean Series key will be reindexed to match DataFrame index.
  negative_list = self.df[self.df['Class']!=anchor_label][self.df['VideoIdx']!=iitem]
/home/maiage/mmeignin/mmeignin/Distance/DistanceTriplet/triplet_train.py:65: UserWarning: Boolean Series key will be reindexed to match DataFrame index.
  negative_list = self.df[self.df['Class']!=anchor_label][self.df['VideoIdx']!=iitem]
/home/maiage/mmeignin/mmeignin/Distance/DistanceTriplet/triplet_train.py:65: UserWarning: Boolean Series key will be reindexed to match DataFrame index.
  negative_list = self.df[self.df['Class']!=anchor_label][self.df['VideoIdx']!=iitem]
Epoch: 8/50 - Loss: 1.0000
/home/maiage/mmeignin/mmeignin/Distance/DistanceTriplet/triplet_train.py:60: UserWarning: Boolean Series key will be reindexed to match DataFrame index.
  positive_list = self.df[self.df['Class']==anchor_label][self.df['VideoIdx']!=iitem]
/home/maiage/mmeignin/mmeignin/Distance/DistanceTriplet/triplet_train.py:60: UserWarning: Boolean Series key will be reindexed to match DataFrame index.
  positive_list = self.df[self.df['Class']==anchor_label][self.df['VideoIdx']!=iitem]
/home/maiage/mmeignin/mmeignin/Distance/DistanceTriplet/triplet_train.py:60: UserWarning: Boolean Series key will be reindexed to match DataFrame index.
  positive_list = self.df[self.df['Class']==anchor_label][self.df['VideoIdx']!=iitem]
/home/maiage/mmeignin/mmeignin/Distance/DistanceTriplet/triplet_train.py:60: UserWarning: Boolean Series key will be reindexed to match DataFrame index.
  positive_list = self.df[self.df['Class']==anchor_label][self.df['VideoIdx']!=iitem]
/home/maiage/mmeignin/mmeignin/Distance/DistanceTriplet/triplet_train.py:65: UserWarning: Boolean Series key will be reindexed to match DataFrame index.
  negative_list = self.df[self.df['Class']!=anchor_label][self.df['VideoIdx']!=iitem]
/home/maiage/mmeignin/mmeignin/Distance/DistanceTriplet/triplet_train.py:65: UserWarning: Boolean Series key will be reindexed to match DataFrame index.
  negative_list = self.df[self.df['Class']!=anchor_label][self.df['VideoIdx']!=iitem]
/home/maiage/mmeignin/mmeignin/Distance/DistanceTriplet/triplet_train.py:65: UserWarning: Boolean Series key will be reindexed to match DataFrame index.
  negative_list = self.df[self.df['Class']!=anchor_label][self.df['VideoIdx']!=iitem]
/home/maiage/mmeignin/mmeignin/Distance/DistanceTriplet/triplet_train.py:65: UserWarning: Boolean Series key will be reindexed to match DataFrame index.
  negative_list = self.df[self.df['Class']!=anchor_label][self.df['VideoIdx']!=iitem]
Epoch: 9/50 - Loss: 1.0001
/home/maiage/mmeignin/mmeignin/Distance/DistanceTriplet/triplet_train.py:60: UserWarning: Boolean Series key will be reindexed to match DataFrame index.
  positive_list = self.df[self.df['Class']==anchor_label][self.df['VideoIdx']!=iitem]
/home/maiage/mmeignin/mmeignin/Distance/DistanceTriplet/triplet_train.py:60: UserWarning: Boolean Series key will be reindexed to match DataFrame index.
  positive_list = self.df[self.df['Class']==anchor_label][self.df['VideoIdx']!=iitem]
/home/maiage/mmeignin/mmeignin/Distance/DistanceTriplet/triplet_train.py:60: UserWarning: Boolean Series key will be reindexed to match DataFrame index.
  positive_list = self.df[self.df['Class']==anchor_label][self.df['VideoIdx']!=iitem]
/home/maiage/mmeignin/mmeignin/Distance/DistanceTriplet/triplet_train.py:60: UserWarning: Boolean Series key will be reindexed to match DataFrame index.
  positive_list = self.df[self.df['Class']==anchor_label][self.df['VideoIdx']!=iitem]
/home/maiage/mmeignin/mmeignin/Distance/DistanceTriplet/triplet_train.py:65: UserWarning: Boolean Series key will be reindexed to match DataFrame index.
  negative_list = self.df[self.df['Class']!=anchor_label][self.df['VideoIdx']!=iitem]
/home/maiage/mmeignin/mmeignin/Distance/DistanceTriplet/triplet_train.py:65: UserWarning: Boolean Series key will be reindexed to match DataFrame index.
  negative_list = self.df[self.df['Class']!=anchor_label][self.df['VideoIdx']!=iitem]
/home/maiage/mmeignin/mmeignin/Distance/DistanceTriplet/triplet_train.py:65: UserWarning: Boolean Series key will be reindexed to match DataFrame index.
  negative_list = self.df[self.df['Class']!=anchor_label][self.df['VideoIdx']!=iitem]
/home/maiage/mmeignin/mmeignin/Distance/DistanceTriplet/triplet_train.py:65: UserWarning: Boolean Series key will be reindexed to match DataFrame index.
  negative_list = self.df[self.df['Class']!=anchor_label][self.df['VideoIdx']!=iitem]
Thread SenderThread:
Traceback (most recent call last):
  File "/home/maiage/mmeignin/.local/lib/python3.9/site-packages/wandb/sdk/internal/internal_util.py", line 51, in run
    self._run()
  File "/home/maiage/mmeignin/.local/lib/python3.9/site-packages/wandb/sdk/internal/internal_util.py", line 102, in _run
    self._process(record)
  File "/home/maiage/mmeignin/.local/lib/python3.9/site-packages/wandb/sdk/internal/internal.py", line 310, in _process
    self._sm.send(record)
  File "/home/maiage/mmeignin/.local/lib/python3.9/site-packages/wandb/sdk/internal/sender.py", line 304, in send
    send_handler(record)
  File "/home/maiage/mmeignin/.local/lib/python3.9/site-packages/wandb/sdk/internal/sender.py", line 931, in send_summary
    self._update_summary()
  File "/home/maiage/mmeignin/.local/lib/python3.9/site-packages/wandb/sdk/internal/sender.py", line 943, in _update_summary
    with open(summary_path, "w") as f:
FileNotFoundError: [Errno 2] No such file or directory: '/home/maiage/mmeignin/mmeignin/Distance/DistanceTriplet/wandb/run-20220823_135956-3aazfjv1/files/wandb-summary.json'
wandb: ERROR Internal wandb error: file data was not synced
Traceback (most recent call last):
  File "/home/maiage/mmeignin/mmeignin/Distance/DistanceTriplet/triplet_train.py", line 163, in <module>
  File "/home/maiage/mmeignin/.local/lib/python3.9/site-packages/wandb/sdk/wandb_run.py", line 289, in wrapper
    return func(self, *args, **kwargs)
  File "/home/maiage/mmeignin/.local/lib/python3.9/site-packages/wandb/sdk/wandb_run.py", line 255, in wrapper
    return func(self, *args, **kwargs)
  File "/home/maiage/mmeignin/.local/lib/python3.9/site-packages/wandb/sdk/wandb_run.py", line 1591, in log
    self._log(data=data, step=step, commit=commit)
  File "/home/maiage/mmeignin/.local/lib/python3.9/site-packages/wandb/sdk/wandb_run.py", line 1375, in _log
    self._partial_history_callback(data, step, commit)
  File "/home/maiage/mmeignin/.local/lib/python3.9/site-packages/wandb/sdk/wandb_run.py", line 1259, in _partial_history_callback
    self._backend.interface.publish_partial_history(
  File "/home/maiage/mmeignin/.local/lib/python3.9/site-packages/wandb/sdk/interface/interface.py", line 553, in publish_partial_history
    self._publish_partial_history(partial_history)
  File "/home/maiage/mmeignin/.local/lib/python3.9/site-packages/wandb/sdk/interface/interface_shared.py", line 67, in _publish_partial_history
    self._publish(rec)
  File "/home/maiage/mmeignin/.local/lib/python3.9/site-packages/wandb/sdk/interface/interface_sock.py", line 51, in _publish
    self._sock_client.send_record_publish(record)
  File "/home/maiage/mmeignin/.local/lib/python3.9/site-packages/wandb/sdk/lib/sock_client.py", line 150, in send_record_publish
    self.send_server_request(server_req)
  File "/home/maiage/mmeignin/.local/lib/python3.9/site-packages/wandb/sdk/lib/sock_client.py", line 84, in send_server_request
    self._send_message(msg)
  File "/home/maiage/mmeignin/.local/lib/python3.9/site-packages/wandb/sdk/lib/sock_client.py", line 81, in _send_message
    self._sendall_with_error_handle(header + data)
  File "/home/maiage/mmeignin/.local/lib/python3.9/site-packages/wandb/sdk/lib/sock_client.py", line 61, in _sendall_with_error_handle
    sent = self._sock.send(data[total_sent:])
BrokenPipeError: [Errno 32] Broken pipe
Error in atexit._run_exitfuncs:
Traceback (most recent call last):
  File "/home/maiage/mmeignin/.local/lib/python3.9/site-packages/wandb/sdk/lib/sock_client.py", line 81, in _send_message
    self._sendall_with_error_handle(header + data)
  File "/home/maiage/mmeignin/.local/lib/python3.9/site-packages/wandb/sdk/lib/sock_client.py", line 61, in _sendall_with_error_handle
    sent = self._sock.send(data[total_sent:])
BrokenPipeError: [Errno 32] Broken pipe
