/home/maiage/mmeignin/.local/lib/python3.9/site-packages/numpy/core/getlimits.py:500: UserWarning: The value of the smallest subnormal for <class 'numpy.float32'> type is zero.
  setattr(self, word, getattr(machar, word).flat[0])
/home/maiage/mmeignin/.local/lib/python3.9/site-packages/numpy/core/getlimits.py:89: UserWarning: The value of the smallest subnormal for <class 'numpy.float32'> type is zero.
  return self._float_to_str(self.smallest_subnormal)
/home/maiage/mmeignin/.local/lib/python3.9/site-packages/numpy/core/getlimits.py:500: UserWarning: The value of the smallest subnormal for <class 'numpy.float64'> type is zero.
  setattr(self, word, getattr(machar, word).flat[0])
/home/maiage/mmeignin/.local/lib/python3.9/site-packages/numpy/core/getlimits.py:89: UserWarning: The value of the smallest subnormal for <class 'numpy.float64'> type is zero.
  return self._float_to_str(self.smallest_subnormal)
/home/maiage/mmeignin/.local/lib/python3.9/site-packages/torchvision/models/_utils.py:208: UserWarning: The parameter 'pretrained' is deprecated since 0.13 and will be removed in 0.15, please use 'weights' instead.
  warnings.warn(
/home/maiage/mmeignin/.local/lib/python3.9/site-packages/torchvision/models/_utils.py:223: UserWarning: Arguments other than a weight enum or `None` for 'weights' are deprecated since 0.13 and will be removed in 0.15. The current behavior is equivalent to passing `weights=ResNet18_Weights.IMAGENET1K_V1`. You can also use `weights=ResNet18_Weights.DEFAULT` to get the most up-to-date weights.
  warnings.warn(msg)
wandb: Currently logged in as: mmeignin. Use `wandb login --relogin` to force relogin
wandb: wandb version 0.13.2 is available!  To upgrade, please run:
wandb:  $ pip install wandb --upgrade
wandb: Tracking run with wandb version 0.13.1
wandb: Run data is saved locally in /home/maiage/mmeignin/mmeignin/Distance/DistanceTriplet/wandb/run-20220823_140335-mfbfj1yt
wandb: Run `wandb offline` to turn off syncing.
wandb: Syncing run deep-yogurt-2
wandb: ⭐️ View project at https://wandb.ai/mmeignin/DistanceTriplet
wandb: 🚀 View run at https://wandb.ai/mmeignin/DistanceTriplet/runs/mfbfj1yt
Using pretraining : True
Bonjour
Bonjour1
/home/maiage/mmeignin/mmeignin/Distance/DistanceTriplet/triplet_train.py:60: UserWarning: Boolean Series key will be reindexed to match DataFrame index.
  positive_list = self.df[self.df['Class']==anchor_label][self.df['VideoIdx']!=iitem]
/home/maiage/mmeignin/mmeignin/Distance/DistanceTriplet/triplet_train.py:60: UserWarning: Boolean Series key will be reindexed to match DataFrame index.
  positive_list = self.df[self.df['Class']==anchor_label][self.df['VideoIdx']!=iitem]
/home/maiage/mmeignin/mmeignin/Distance/DistanceTriplet/triplet_train.py:65: UserWarning: Boolean Series key will be reindexed to match DataFrame index.
  negative_list = self.df[self.df['Class']!=anchor_label][self.df['VideoIdx']!=iitem]
/home/maiage/mmeignin/mmeignin/Distance/DistanceTriplet/triplet_train.py:60: UserWarning: Boolean Series key will be reindexed to match DataFrame index.
  positive_list = self.df[self.df['Class']==anchor_label][self.df['VideoIdx']!=iitem]
/home/maiage/mmeignin/mmeignin/Distance/DistanceTriplet/triplet_train.py:65: UserWarning: Boolean Series key will be reindexed to match DataFrame index.
  negative_list = self.df[self.df['Class']!=anchor_label][self.df['VideoIdx']!=iitem]
/home/maiage/mmeignin/mmeignin/Distance/DistanceTriplet/triplet_train.py:60: UserWarning: Boolean Series key will be reindexed to match DataFrame index.
  positive_list = self.df[self.df['Class']==anchor_label][self.df['VideoIdx']!=iitem]
/home/maiage/mmeignin/mmeignin/Distance/DistanceTriplet/triplet_train.py:65: UserWarning: Boolean Series key will be reindexed to match DataFrame index.
  negative_list = self.df[self.df['Class']!=anchor_label][self.df['VideoIdx']!=iitem]
/home/maiage/mmeignin/mmeignin/Distance/DistanceTriplet/triplet_train.py:65: UserWarning: Boolean Series key will be reindexed to match DataFrame index.
  negative_list = self.df[self.df['Class']!=anchor_label][self.df['VideoIdx']!=iitem]
Bonjour2
Traceback (most recent call last):
  File "/home/maiage/mmeignin/mmeignin/Distance/DistanceTriplet/triplet_train.py", line 157, in <module>
    anchor_out = model(anchor_im)
NameError: name 'anchor_im' is not defined
wandb: Waiting for W&B process to finish... (failed 1). Press Control-C to abort syncing.
wandb: - 0.001 MB of 0.001 MB uploaded (0.000 MB deduped)wandb: \ 0.001 MB of 0.001 MB uploaded (0.000 MB deduped)wandb: | 0.001 MB of 0.001 MB uploaded (0.000 MB deduped)wandb: / 0.001 MB of 0.001 MB uploaded (0.000 MB deduped)wandb: - 0.001 MB of 0.005 MB uploaded (0.000 MB deduped)wandb: \ 0.001 MB of 0.005 MB uploaded (0.000 MB deduped)wandb: | 0.005 MB of 0.005 MB uploaded (0.000 MB deduped)wandb: / 0.005 MB of 0.005 MB uploaded (0.000 MB deduped)wandb: - 0.005 MB of 0.005 MB uploaded (0.000 MB deduped)wandb: \ 0.005 MB of 0.005 MB uploaded (0.000 MB deduped)wandb: | 0.005 MB of 0.005 MB uploaded (0.000 MB deduped)wandb: / 0.005 MB of 0.005 MB uploaded (0.000 MB deduped)wandb: - 0.005 MB of 0.005 MB uploaded (0.000 MB deduped)wandb: \ 0.005 MB of 0.005 MB uploaded (0.000 MB deduped)wandb:                                                                                
wandb: Synced deep-yogurt-2: https://wandb.ai/mmeignin/DistanceTriplet/runs/mfbfj1yt
wandb: Synced 5 W&B file(s), 0 media file(s), 0 artifact file(s) and 0 other file(s)
wandb: Find logs at: ./wandb/run-20220823_140335-mfbfj1yt/logs
